<?xml version="1.0" encoding="UTF-8"?>
<!-- Generated by org.testng.reporters.JUnitXMLReporter -->
<testsuite ignored="1" hostname="INBook_X1" failures="2" tests="20" name="Test" time="157.453" errors="0" timestamp="2025-04-18T10:38:42 IST">
  <testcase classname="tests.Login" name="verifyLoginIntoApplicationUsingValidCredentials" time="1.62"/>
  <testcase classname="tests.Login" name="verifyLoginIntoApplicationUsingInValidCredentials" time="1.433"/>
  <testcase classname="tests.Login" name="verifyLoginIntoApplicationUsingInValidEmailAndValidPassword" time="1.553"/>
  <testcase classname="tests.Login" name="verifyLoginIntoApplicationUsingValidEmailAndInValidPassword" time="1.342"/>
  <testcase classname="tests.Login" name="verifyLoginIntoApplicationWithoutProvidingAnyCredentials" time="0.811"/>
  <testcase classname="tests.Login" name="verifyForgottonPasswordOptionIsAvailable" time="0.483"/>
  <testcase classname="tests.Login" name="verifyLoginIntoTheApplicationUsingKeyboardKeys" time="1.571"/>
  <testcase classname="tests.Login" name="verifyPlaceHoldersOfFieldsInLoginPage" time="0.056"/>
  <testcase classname="tests.Login" name="verifyBrowsingBackAfterLogin" time="1.861"/>
  <testcase classname="tests.Login" name="verifyBrowsingBackAfterLogout" time="2.698"/>
  <testcase classname="tests.Login" name="verifyLoginIntoAccountUsingInactiveCredentials" time="1.375"/>
  <testcase classname="tests.Login" name="verifyNumberOfUnsuccessfulLoginAttempt" time="6.269"/>
  <testcase classname="tests.Login" name="verifyloginPasswordFieldForVisibility" time="0.077"/>
  <testcase classname="tests.Login" name="verifyPasswordIsNotVisisbleInPageSource" time="1.207">
    <failure type="java.lang.AssertionError" message="expected [false] but found [true]">
      <![CDATA[java.lang.AssertionError: expected [false] but found [true]
at tests.Login.verifyPasswordIsNotVisisbleInPageSource(Login.java:155)
at java.base/java.util.ArrayList.forEach(ArrayList.java:1596)
... Removed 29 stack frames]]>
    </failure>
  </testcase> <!-- verifyPasswordIsNotVisisbleInPageSource -->
  <testcase classname="tests.Login" name="verifyLoggingIntoApplicationUsingChangedPassword" time="7.704"/>
  <testcase classname="tests.Login" name="verifyLoginPageNavigation" time="33.759"/>
  <testcase classname="tests.Login" name="verifyDifferentWaysOfnavigatingToLoginpage" time="1.678"/>
  <testcase classname="tests.Login" name="verifyLoginPageBreadcrumbURLTitleHeading" time="0.161"/>
  <testcase classname="tests.Login" name="verifyLoginPageUI" time="0.801">
    <failure type="java.lang.AssertionError" message="expected [false] but found [true]">
      <![CDATA[java.lang.AssertionError: expected [false] but found [true]
at tests.Login.verifyLoginPageUI(Login.java:378)
at java.base/java.util.ArrayList.forEach(ArrayList.java:1596)
... Removed 29 stack frames]]>
    </failure>
  </testcase> <!-- verifyLoginPageUI -->
  <testcase classname="tests.Login" name="verifyLoginInAllEnvironments" time="1.588"/>
  <testcase classname="tests.Login" name="verifyCopyingOfTextIntoPasswordField" time="0.0">
    <ignored/>
  </testcase> <!-- verifyCopyingOfTextIntoPasswordField -->
</testsuite> <!-- Test -->
