<?xml version="1.0" encoding="UTF-8"?>
<testng-results ignored="20" total="21" passed="1" failed="0" skipped="0">
  <reporter-output>
  </reporter-output>
  <suite started-at="2025-04-18T10:56:16 IST" name="Default suite" finished-at="2025-04-18T10:56:26 IST" duration-ms="10582">
    <groups>
    </groups>
    <test started-at="2025-04-18T10:56:16 IST" name="Default test" finished-at="2025-04-18T10:56:26 IST" duration-ms="10582">
      <class name="tests.LoginTest">
        <test-method is-config="true" signature="setup()[pri:0, instance:tests.LoginTest@27ff5d15]" started-at="2025-04-18T10:56:16 IST" name="setup" finished-at="2025-04-18T10:56:23 IST" duration-ms="7033" status="PASS">
          <reporter-output>
          </reporter-output>
        </test-method> <!-- setup -->
        <test-method signature="verifyLoginIntoApplicationUsingValidCredentials()[pri:1, instance:tests.LoginTest@27ff5d15]" started-at="2025-04-18T10:56:23 IST" name="verifyLoginIntoApplicationUsingValidCredentials" finished-at="2025-04-18T10:56:26 IST" duration-ms="2903" status="PASS">
          <reporter-output>
          </reporter-output>
        </test-method> <!-- verifyLoginIntoApplicationUsingValidCredentials -->
        <test-method is-config="true" signature="teardown()[pri:0, instance:tests.LoginTest@27ff5d15]" started-at="2025-04-18T10:56:26 IST" name="teardown" finished-at="2025-04-18T10:56:26 IST" duration-ms="495" status="PASS">
          <reporter-output>
          </reporter-output>
        </test-method> <!-- teardown -->
      </class> <!-- tests.LoginTest -->
    </test> <!-- Default test -->
  </suite> <!-- Default suite -->
</testng-results>
