<?xml version="1.0" encoding="UTF-8"?>
<!-- Generated by org.testng.reporters.JUnitXMLReporter -->
<testsuite ignored="20" hostname="INBook_X1" failures="0" tests="1" name="Default test" time="10.582" errors="0" timestamp="2025-04-18T10:56:26 IST">
  <testcase classname="tests.LoginTest" name="verifyLoginIntoApplicationUsingValidCredentials" time="2.903"/>
  <testcase classname="tests.LoginTest" name="verifyBrowsingBackAfterLogout" time="0.0">
    <ignored/>
  </testcase> <!-- verifyBrowsingBackAfterLogout -->
  <testcase classname="tests.LoginTest" name="verifyLoginIntoApplicationUsingValidEmailAndInValidPassword" time="0.0">
    <ignored/>
  </testcase> <!-- verifyLoginIntoApplicationUsingValidEmailAndInValidPassword -->
  <testcase classname="tests.LoginTest" name="verifyloginPasswordFieldForVisibility" time="0.0">
    <ignored/>
  </testcase> <!-- verifyloginPasswordFieldForVisibility -->
  <testcase classname="tests.LoginTest" name="verifyDifferentWaysOfnavigatingToLoginpage" time="0.0">
    <ignored/>
  </testcase> <!-- verifyDifferentWaysOfnavigatingToLoginpage -->
  <testcase classname="tests.LoginTest" name="verifyLoginPageUI" time="0.0">
    <ignored/>
  </testcase> <!-- verifyLoginPageUI -->
  <testcase classname="tests.LoginTest" name="verifyLoginIntoApplicationWithoutProvidingAnyCredentials" time="0.0">
    <ignored/>
  </testcase> <!-- verifyLoginIntoApplicationWithoutProvidingAnyCredentials -->
  <testcase classname="tests.LoginTest" name="verifyLoginIntoTheApplicationUsingKeyboardKeys" time="0.0">
    <ignored/>
  </testcase> <!-- verifyLoginIntoTheApplicationUsingKeyboardKeys -->
  <testcase classname="tests.LoginTest" name="verifyCopyingOfTextIntoPasswordField" time="0.0">
    <ignored/>
  </testcase> <!-- verifyCopyingOfTextIntoPasswordField -->
  <testcase classname="tests.LoginTest" name="verifyPlaceHoldersOfFieldsInLoginPage" time="0.0">
    <ignored/>
  </testcase> <!-- verifyPlaceHoldersOfFieldsInLoginPage -->
  <testcase classname="tests.LoginTest" name="verifyBrowsingBackAfterLogin" time="0.0">
    <ignored/>
  </testcase> <!-- verifyBrowsingBackAfterLogin -->
  <testcase classname="tests.LoginTest" name="verifyLoginIntoApplicationUsingInValidEmailAndValidPassword" time="0.0">
    <ignored/>
  </testcase> <!-- verifyLoginIntoApplicationUsingInValidEmailAndValidPassword -->
  <testcase classname="tests.LoginTest" name="verifyPasswordIsNotVisisbleInPageSource" time="0.0">
    <ignored/>
  </testcase> <!-- verifyPasswordIsNotVisisbleInPageSource -->
  <testcase classname="tests.LoginTest" name="verifyLoginIntoApplicationUsingInValidCredentials" time="0.0">
    <ignored/>
  </testcase> <!-- verifyLoginIntoApplicationUsingInValidCredentials -->
  <testcase classname="tests.LoginTest" name="verifyLoginIntoAccountUsingInactiveCredentials" time="0.0">
    <ignored/>
  </testcase> <!-- verifyLoginIntoAccountUsingInactiveCredentials -->
  <testcase classname="tests.LoginTest" name="verifyForgottonPasswordOptionIsAvailable" time="0.0">
    <ignored/>
  </testcase> <!-- verifyForgottonPasswordOptionIsAvailable -->
  <testcase classname="tests.LoginTest" name="verifyLoginPageBreadcrumbURLTitleHeading" time="0.0">
    <ignored/>
  </testcase> <!-- verifyLoginPageBreadcrumbURLTitleHeading -->
  <testcase classname="tests.LoginTest" name="verifyLoginInAllEnvironments" time="0.0">
    <ignored/>
  </testcase> <!-- verifyLoginInAllEnvironments -->
  <testcase classname="tests.LoginTest" name="verifyNumberOfUnsuccessfulLoginAttempt" time="0.0">
    <ignored/>
  </testcase> <!-- verifyNumberOfUnsuccessfulLoginAttempt -->
  <testcase classname="tests.LoginTest" name="verifyLoggingIntoApplicationUsingChangedPassword" time="0.0">
    <ignored/>
  </testcase> <!-- verifyLoggingIntoApplicationUsingChangedPassword -->
  <testcase classname="tests.LoginTest" name="verifyLoginPageNavigation" time="0.0">
    <ignored/>
  </testcase> <!-- verifyLoginPageNavigation -->
</testsuite> <!-- Default test -->
